{"asctime": "2021-08-25 12:58:03,545", "namespace": "python_eng_exercise", "sub_name": "crud", "level": "ERROR", "message": "No records found for chain : Bakers"}
{"asctime": "2021-08-25 12:58:08,608", "namespace": "python_eng_exercise", "sub_name": "crud", "level": "INFO", "message": "Insert record for single chains"}
{"asctime": "2021-08-25 12:58:08,609", "namespace": "python_eng_exercise", "sub_name": "crud", "level": "INFO", "message": "Inserting records in chains"}
{"asctime": "2021-08-25 12:59:03,036", "namespace": "python_eng_exercise", "sub_name": "crud", "level": "INFO", "message": "Insert record for single chains"}
{"asctime": "2021-08-25 12:59:03,037", "namespace": "python_eng_exercise", "sub_name": "crud", "level": "INFO", "message": "Inserting records in chains"}
{"asctime": "2021-08-25 12:59:03,048", "namespace": "python_eng_exercise", "sub_name": "crud", "level": "ERROR", "message": "Error while inserting records in chains :(psycopg2.errors.UniqueViolation) duplicate key value violates unique constraint \"chains_name_key\"\nDETAIL:  Key (name)=(Bakers) already exists.\n\n[SQL: INSERT INTO chains (name, image_url, country, online_store) VALUES (%(name)s, %(image_url)s, %(country)s, %(online_store)s) RETURNING chains.id]\n[parameters: {'name': 'Bakers', 'image_url': 'http://imghost.com/2.jpg', 'country': 'US', 'online_store': 'yes'}]\n(Background on this error at: http://sqlalche.me/e/gkpj)"}
{"asctime": "2021-08-25 12:59:16,715", "namespace": "python_eng_exercise", "sub_name": "crud", "level": "ERROR", "message": "No records found for chain : Bakers"}
{"asctime": "2021-08-25 12:59:16,718", "namespace": "python_eng_exercise", "sub_name": "crud", "level": "INFO", "message": "Insert record for single chains"}
{"asctime": "2021-08-25 12:59:16,718", "namespace": "python_eng_exercise", "sub_name": "crud", "level": "INFO", "message": "Inserting records in chains"}
{"asctime": "2021-08-25 14:51:32,265", "namespace": "python_eng_exercise", "sub_name": "crud", "level": "ERROR", "message": "No records found for chain : Bakers"}
{"asctime": "2021-08-25 23:20:00,909", "namespace": "python_eng_exercise", "sub_name": "crud", "level": "ERROR", "message": "No records found for chain : Bakers"}
{"asctime": "2021-08-25 23:20:00,912", "namespace": "python_eng_exercise", "sub_name": "crud", "level": "INFO", "message": "Insert record for single chains"}
{"asctime": "2021-08-25 23:20:00,912", "namespace": "python_eng_exercise", "sub_name": "crud", "level": "INFO", "message": "Inserting records in chains"}
{"asctime": "2021-08-25 23:24:30,172", "namespace": "python_eng_exercise", "sub_name": "crud", "level": "INFO", "message": "Inserting records in locations"}
{"asctime": "2021-08-25 23:25:31,911", "namespace": "python_eng_exercise", "sub_name": "crud", "level": "INFO", "message": "Inserting records in locations"}
{"asctime": "2021-08-25 23:29:22,349", "namespace": "python_eng_exercise", "sub_name": "crud", "level": "INFO", "message": "Inserting records in products"}
{"asctime": "2021-08-25 23:56:54,152", "namespace": "python_eng_exercise", "sub_name": "crud", "level": "INFO", "message": "Fetching records for Bakers from <class 'app.models.schemas.Chains'>"}
{"asctime": "2021-08-25 23:56:54,154", "namespace": "python_eng_exercise", "sub_name": "crud", "level": "INFO", "message": "Fetching records for Bakers from <class 'app.models.schemas.Locations'>"}
{"asctime": "2021-08-25 23:56:54,157", "namespace": "python_eng_exercise", "sub_name": "crud", "level": "INFO", "message": "Deleting record for Bakers in <class 'app.models.schemas.Chains'>"}
{"asctime": "2021-08-25 23:56:54,184", "namespace": "python_eng_exercise", "sub_name": "crud", "level": "INFO", "message": "Insert record for single chains"}
{"asctime": "2021-08-25 23:56:54,185", "namespace": "python_eng_exercise", "sub_name": "crud", "level": "INFO", "message": "Inserting records in chains"}
{"asctime": "2021-08-25 23:57:09,767", "namespace": "python_eng_exercise", "sub_name": "crud", "level": "INFO", "message": "Fetching records for Bakers from <class 'app.models.schemas.Chains'>"}
{"asctime": "2021-08-25 23:57:09,770", "namespace": "python_eng_exercise", "sub_name": "crud", "level": "INFO", "message": "Fetching records for Bakers from <class 'app.models.schemas.Locations'>"}
{"asctime": "2021-08-25 23:57:09,773", "namespace": "python_eng_exercise", "sub_name": "crud", "level": "INFO", "message": "Deleting record for Bakers in <class 'app.models.schemas.Chains'>"}
{"asctime": "2021-08-25 23:57:09,802", "namespace": "python_eng_exercise", "sub_name": "crud", "level": "INFO", "message": "Insert record for single chains"}
{"asctime": "2021-08-25 23:57:09,803", "namespace": "python_eng_exercise", "sub_name": "crud", "level": "INFO", "message": "Inserting records in chains"}
{"asctime": "2021-08-25 23:57:09,837", "namespace": "python_eng_exercise", "sub_name": "crud", "level": "INFO", "message": "Fetch all records from <class 'app.models.schemas.Chains'>"}
{"asctime": "2021-08-25 23:57:09,854", "namespace": "python_eng_exercise", "sub_name": "crud", "level": "INFO", "message": "Fetching records for Bakers from <class 'app.models.schemas.Chains'>"}
{"asctime": "2021-08-25 23:57:09,856", "namespace": "python_eng_exercise", "sub_name": "crud", "level": "INFO", "message": "Fetching records for Bakers from <class 'app.models.schemas.Locations'>"}
{"asctime": "2021-08-25 23:57:09,865", "namespace": "python_eng_exercise", "sub_name": "crud", "level": "INFO", "message": "Deleting record for Bakers in <class 'app.models.schemas.Chains'>"}
{"asctime": "2021-08-25 23:57:16,049", "namespace": "python_eng_exercise", "sub_name": "crud", "level": "INFO", "message": "Inserting records in locations"}
{"asctime": "2021-08-25 23:57:16,072", "namespace": "python_eng_exercise", "sub_name": "crud", "level": "INFO", "message": "Fetch all records from <class 'app.models.schemas.Locations'>"}
{"asctime": "2021-08-25 23:57:16,077", "namespace": "python_eng_exercise", "sub_name": "crud", "level": "INFO", "message": "Deleting record for Banana Republic in <class 'app.models.schemas.Locations'>"}
{"asctime": "2021-08-25 23:57:22,794", "namespace": "python_eng_exercise", "sub_name": "crud", "level": "INFO", "message": "Inserting records in products"}
{"asctime": "2021-08-25 23:57:22,831", "namespace": "python_eng_exercise", "sub_name": "crud", "level": "INFO", "message": "Fetch all records from <class 'app.models.schemas.Products'>"}
{"asctime": "2021-08-25 23:57:22,838", "namespace": "python_eng_exercise", "sub_name": "crud", "level": "INFO", "message": "Deleting record for Levis Jeans in <class 'app.models.schemas.Locations'>"}
{"asctime": "2021-08-26 09:38:02,369", "namespace": "python_eng_exercise", "sub_name": "crud", "level": "INFO", "message": "Inserting records in products"}
{"asctime": "2021-08-26 09:38:02,488", "namespace": "python_eng_exercise", "sub_name": "crud", "level": "INFO", "message": "Fetch all records from <class 'app.models.schemas.Products'>"}
{"asctime": "2021-08-26 09:38:02,493", "namespace": "python_eng_exercise", "sub_name": "crud", "level": "INFO", "message": "Deleting record for Levis Jeans in <class 'app.models.schemas.Locations'>"}
