{"asctime": "2021-08-24 01:39:46,072", "namespace": "service_dataset", "sub_name": "dependencies", "level": "INFO", "message": "Connecting db"}
{"asctime": "2021-08-24 01:39:46,075", "namespace": "service_dataset", "sub_name": "dependencies", "level": "INFO", "message": "Closing db connection"}
{"asctime": "2021-08-24 01:41:31,271", "namespace": "service_dataset", "sub_name": "dependencies", "level": "INFO", "message": "Connecting db"}
{"asctime": "2021-08-24 01:41:57,704", "namespace": "service_dataset", "sub_name": "dependencies", "level": "INFO", "message": "Connecting db"}
{"asctime": "2021-08-24 01:42:35,126", "namespace": "service_dataset", "sub_name": "dependencies", "level": "INFO", "message": "Connecting db"}
{"asctime": "2021-08-24 01:44:58,802", "namespace": "service_dataset", "sub_name": "dependencies", "level": "INFO", "message": "Connecting db"}
{"asctime": "2021-08-24 01:55:14,086", "namespace": "service_dataset", "sub_name": "dependencies", "level": "INFO", "message": "Connecting db"}
{"asctime": "2021-08-24 01:56:50,547", "namespace": "service_dataset", "sub_name": "dependencies", "level": "INFO", "message": "Connecting db"}
{"asctime": "2021-08-24 01:56:50,732", "namespace": "service_dataset", "sub_name": "dependencies", "level": "INFO", "message": "Closing db connection"}
{"asctime": "2021-08-24 01:58:19,758", "namespace": "service_dataset", "sub_name": "dependencies", "level": "INFO", "message": "Connecting db"}
{"asctime": "2021-08-24 01:58:32,982", "namespace": "service_dataset", "sub_name": "dependencies", "level": "INFO", "message": "Closing db connection"}
{"asctime": "2021-08-24 02:08:45,550", "namespace": "service_dataset", "sub_name": "dependencies", "level": "INFO", "message": "Connecting db"}
{"asctime": "2021-08-24 02:08:45,553", "namespace": "service_dataset", "sub_name": "dependencies", "level": "INFO", "message": "Closing db connection"}
{"asctime": "2021-08-24 02:10:19,746", "namespace": "service_dataset", "sub_name": "dependencies", "level": "INFO", "message": "Connecting db"}
{"asctime": "2021-08-24 02:12:57,005", "namespace": "service_dataset", "sub_name": "dependencies", "level": "INFO", "message": "Closing db connection"}
{"asctime": "2021-08-24 02:13:01,947", "namespace": "service_dataset", "sub_name": "dependencies", "level": "INFO", "message": "Connecting db"}
{"asctime": "2021-08-24 02:13:10,465", "namespace": "service_dataset", "sub_name": "dependencies", "level": "INFO", "message": "Closing db connection"}
{"asctime": "2021-08-24 12:49:44,273", "namespace": "service_dataset", "sub_name": "dependencies", "level": "INFO", "message": "Connecting db"}
{"asctime": "2021-08-24 12:49:52,928", "namespace": "service_dataset", "sub_name": "dependencies", "level": "INFO", "message": "Closing db connection"}
{"asctime": "2021-08-24 12:53:41,626", "namespace": "service_dataset", "sub_name": "dependencies", "level": "INFO", "message": "Connecting db"}
{"asctime": "2021-08-24 12:53:50,371", "namespace": "service_dataset", "sub_name": "dependencies", "level": "INFO", "message": "Closing db connection"}
{"asctime": "2021-08-25 05:34:44,406", "namespace": "service_dataset", "sub_name": "dependencies", "level": "INFO", "message": "Connecting db"}
{"asctime": "2021-08-25 05:35:07,952", "namespace": "service_dataset", "sub_name": "dependencies", "level": "INFO", "message": "Closing db connection"}
{"asctime": "2021-08-25 05:35:39,955", "namespace": "service_dataset", "sub_name": "dependencies", "level": "INFO", "message": "Connecting db"}
{"asctime": "2021-08-25 05:35:57,954", "namespace": "service_dataset", "sub_name": "dependencies", "level": "INFO", "message": "Closing db connection"}
{"asctime": "2021-08-25 05:36:39,825", "namespace": "service_dataset", "sub_name": "dependencies", "level": "INFO", "message": "Connecting db"}
{"asctime": "2021-08-25 05:36:48,220", "namespace": "service_dataset", "sub_name": "dependencies", "level": "INFO", "message": "Closing db connection"}
{"asctime": "2021-08-25 05:37:14,543", "namespace": "service_dataset", "sub_name": "dependencies", "level": "INFO", "message": "Connecting db"}
{"asctime": "2021-08-25 05:38:05,236", "namespace": "service_dataset", "sub_name": "dependencies", "level": "INFO", "message": "Closing db connection"}
{"asctime": "2021-08-25 05:39:42,408", "namespace": "service_dataset", "sub_name": "dependencies", "level": "INFO", "message": "Connecting db"}
{"asctime": "2021-08-25 05:40:42,820", "namespace": "service_dataset", "sub_name": "dependencies", "level": "INFO", "message": "Closing db connection"}
{"asctime": "2021-08-25 05:41:01,204", "namespace": "service_dataset", "sub_name": "dependencies", "level": "INFO", "message": "Connecting db"}
{"asctime": "2021-08-25 05:41:18,435", "namespace": "service_dataset", "sub_name": "dependencies", "level": "INFO", "message": "Closing db connection"}
{"asctime": "2021-08-25 05:41:30,438", "namespace": "service_dataset", "sub_name": "dependencies", "level": "INFO", "message": "Connecting db"}
{"asctime": "2021-08-25 05:41:47,986", "namespace": "service_dataset", "sub_name": "dependencies", "level": "INFO", "message": "Closing db connection"}
{"asctime": "2021-08-25 05:42:13,601", "namespace": "service_dataset", "sub_name": "dependencies", "level": "INFO", "message": "Connecting db"}
{"asctime": "2021-08-25 05:42:19,691", "namespace": "service_dataset", "sub_name": "dependencies", "level": "INFO", "message": "Closing db connection"}
{"asctime": "2021-08-25 05:42:33,842", "namespace": "service_dataset", "sub_name": "dependencies", "level": "INFO", "message": "Connecting db"}
{"asctime": "2021-08-25 05:42:44,808", "namespace": "service_dataset", "sub_name": "dependencies", "level": "INFO", "message": "Closing db connection"}
{"asctime": "2021-08-25 05:44:12,694", "namespace": "service_dataset", "sub_name": "dependencies", "level": "INFO", "message": "Connecting db"}
{"asctime": "2021-08-25 05:44:32,803", "namespace": "service_dataset", "sub_name": "dependencies", "level": "INFO", "message": "Closing db connection"}
{"asctime": "2021-08-25 05:44:54,178", "namespace": "service_dataset", "sub_name": "dependencies", "level": "INFO", "message": "Connecting db"}
{"asctime": "2021-08-25 05:45:12,046", "namespace": "service_dataset", "sub_name": "dependencies", "level": "INFO", "message": "Closing db connection"}
{"asctime": "2021-08-25 05:45:39,027", "namespace": "service_dataset", "sub_name": "dependencies", "level": "INFO", "message": "Connecting db"}
{"asctime": "2021-08-25 05:45:50,122", "namespace": "service_dataset", "sub_name": "dependencies", "level": "INFO", "message": "Closing db connection"}
{"asctime": "2021-08-25 05:46:20,294", "namespace": "service_dataset", "sub_name": "dependencies", "level": "INFO", "message": "Connecting db"}
{"asctime": "2021-08-25 05:46:44,030", "namespace": "service_dataset", "sub_name": "dependencies", "level": "INFO", "message": "Closing db connection"}
{"asctime": "2021-08-25 05:51:54,244", "namespace": "service_dataset", "sub_name": "dependencies", "level": "INFO", "message": "Connecting db"}
{"asctime": "2021-08-25 05:53:44,461", "namespace": "service_dataset", "sub_name": "dependencies", "level": "INFO", "message": "Closing db connection"}
{"asctime": "2021-08-25 05:53:57,838", "namespace": "service_dataset", "sub_name": "dependencies", "level": "INFO", "message": "Connecting db"}
{"asctime": "2021-08-25 05:54:25,688", "namespace": "service_dataset", "sub_name": "dependencies", "level": "INFO", "message": "Closing db connection"}
{"asctime": "2021-08-25 05:55:49,866", "namespace": "service_dataset", "sub_name": "dependencies", "level": "INFO", "message": "Connecting db"}
{"asctime": "2021-08-25 05:55:57,810", "namespace": "service_dataset", "sub_name": "dependencies", "level": "INFO", "message": "Closing db connection"}
{"asctime": "2021-08-25 05:56:14,329", "namespace": "service_dataset", "sub_name": "dependencies", "level": "INFO", "message": "Connecting db"}
{"asctime": "2021-08-25 05:57:38,028", "namespace": "service_dataset", "sub_name": "dependencies", "level": "INFO", "message": "Closing db connection"}
{"asctime": "2021-08-25 05:57:40,817", "namespace": "service_dataset", "sub_name": "dependencies", "level": "INFO", "message": "Connecting db"}
{"asctime": "2021-08-25 05:57:53,425", "namespace": "service_dataset", "sub_name": "dependencies", "level": "INFO", "message": "Closing db connection"}
{"asctime": "2021-08-25 05:58:27,154", "namespace": "service_dataset", "sub_name": "dependencies", "level": "INFO", "message": "Connecting db"}
{"asctime": "2021-08-25 05:58:27,242", "namespace": "service_dataset", "sub_name": "dependencies", "level": "INFO", "message": "Closing db connection"}
{"asctime": "2021-08-25 05:58:28,664", "namespace": "service_dataset", "sub_name": "dependencies", "level": "INFO", "message": "Connecting db"}
{"asctime": "2021-08-25 05:58:28,670", "namespace": "service_dataset", "sub_name": "dependencies", "level": "INFO", "message": "Closing db connection"}
{"asctime": "2021-08-25 05:58:49,046", "namespace": "service_dataset", "sub_name": "dependencies", "level": "INFO", "message": "Connecting db"}
{"asctime": "2021-08-25 05:59:15,059", "namespace": "service_dataset", "sub_name": "dependencies", "level": "INFO", "message": "Closing db connection"}
{"asctime": "2021-08-25 06:02:12,707", "namespace": "service_dataset", "sub_name": "dependencies", "level": "INFO", "message": "Connecting db"}
{"asctime": "2021-08-25 06:02:23,508", "namespace": "service_dataset", "sub_name": "dependencies", "level": "INFO", "message": "Closing db connection"}
{"asctime": "2021-08-25 06:02:36,347", "namespace": "service_dataset", "sub_name": "dependencies", "level": "INFO", "message": "Connecting db"}
{"asctime": "2021-08-25 06:02:39,364", "namespace": "service_dataset", "sub_name": "dependencies", "level": "INFO", "message": "Closing db connection"}
{"asctime": "2021-08-25 06:02:44,852", "namespace": "service_dataset", "sub_name": "dependencies", "level": "INFO", "message": "Connecting db"}
{"asctime": "2021-08-25 06:03:01,679", "namespace": "service_dataset", "sub_name": "dependencies", "level": "INFO", "message": "Closing db connection"}
{"asctime": "2021-08-25 06:03:19,515", "namespace": "service_dataset", "sub_name": "dependencies", "level": "INFO", "message": "Connecting db"}
{"asctime": "2021-08-25 06:03:21,300", "namespace": "service_dataset", "sub_name": "dependencies", "level": "INFO", "message": "Closing db connection"}
{"asctime": "2021-08-25 06:03:35,114", "namespace": "service_dataset", "sub_name": "dependencies", "level": "INFO", "message": "Connecting db"}
{"asctime": "2021-08-25 06:03:51,369", "namespace": "service_dataset", "sub_name": "dependencies", "level": "INFO", "message": "Closing db connection"}
{"asctime": "2021-08-25 06:05:17,182", "namespace": "service_dataset", "sub_name": "dependencies", "level": "INFO", "message": "Connecting db"}
{"asctime": "2021-08-25 06:05:24,552", "namespace": "service_dataset", "sub_name": "dependencies", "level": "INFO", "message": "Closing db connection"}
{"asctime": "2021-08-25 06:05:36,073", "namespace": "service_dataset", "sub_name": "dependencies", "level": "INFO", "message": "Connecting db"}
{"asctime": "2021-08-25 06:05:52,631", "namespace": "service_dataset", "sub_name": "dependencies", "level": "INFO", "message": "Closing db connection"}
{"asctime": "2021-08-25 06:11:25,663", "namespace": "service_dataset", "sub_name": "dependencies", "level": "INFO", "message": "Connecting db"}
{"asctime": "2021-08-25 06:12:04,850", "namespace": "service_dataset", "sub_name": "dependencies", "level": "INFO", "message": "Closing db connection"}
{"asctime": "2021-08-25 06:17:36,539", "namespace": "service_dataset", "sub_name": "dependencies", "level": "INFO", "message": "Connecting db"}
{"asctime": "2021-08-25 06:17:42,832", "namespace": "service_dataset", "sub_name": "dependencies", "level": "INFO", "message": "Closing db connection"}
{"asctime": "2021-08-25 06:18:01,381", "namespace": "service_dataset", "sub_name": "dependencies", "level": "INFO", "message": "Connecting db"}
{"asctime": "2021-08-25 06:18:30,428", "namespace": "service_dataset", "sub_name": "dependencies", "level": "INFO", "message": "Closing db connection"}
{"asctime": "2021-08-25 06:31:11,631", "namespace": "service_dataset", "sub_name": "dependencies", "level": "INFO", "message": "Connecting db"}
{"asctime": "2021-08-25 06:31:15,197", "namespace": "service_dataset", "sub_name": "dependencies", "level": "INFO", "message": "Closing db connection"}
{"asctime": "2021-08-25 06:38:38,581", "namespace": "service_dataset", "sub_name": "dependencies", "level": "INFO", "message": "Connecting db"}
{"asctime": "2021-08-25 06:38:50,261", "namespace": "service_dataset", "sub_name": "dependencies", "level": "INFO", "message": "Closing db connection"}
{"asctime": "2021-08-25 06:39:55,110", "namespace": "service_dataset", "sub_name": "dependencies", "level": "INFO", "message": "Connecting db"}
{"asctime": "2021-08-25 06:39:57,256", "namespace": "service_dataset", "sub_name": "dependencies", "level": "INFO", "message": "Closing db connection"}
{"asctime": "2021-08-25 06:57:37,447", "namespace": "service_dataset", "sub_name": "dependencies", "level": "INFO", "message": "Connecting db"}
{"asctime": "2021-08-25 06:57:39,599", "namespace": "service_dataset", "sub_name": "dependencies", "level": "INFO", "message": "Closing db connection"}
{"asctime": "2021-08-25 06:58:34,143", "namespace": "service_dataset", "sub_name": "dependencies", "level": "INFO", "message": "Connecting db"}
{"asctime": "2021-08-25 06:58:36,455", "namespace": "service_dataset", "sub_name": "dependencies", "level": "INFO", "message": "Closing db connection"}
{"asctime": "2021-08-25 06:59:50,038", "namespace": "service_dataset", "sub_name": "dependencies", "level": "INFO", "message": "Connecting db"}
{"asctime": "2021-08-25 06:59:51,996", "namespace": "service_dataset", "sub_name": "dependencies", "level": "INFO", "message": "Closing db connection"}
{"asctime": "2021-08-25 07:11:16,809", "namespace": "service_dataset", "sub_name": "dependencies", "level": "INFO", "message": "Connecting db"}
{"asctime": "2021-08-25 07:11:18,257", "namespace": "service_dataset", "sub_name": "dependencies", "level": "INFO", "message": "Closing db connection"}
{"asctime": "2021-08-25 07:11:59,415", "namespace": "service_dataset", "sub_name": "dependencies", "level": "INFO", "message": "Connecting db"}
{"asctime": "2021-08-25 07:12:01,495", "namespace": "service_dataset", "sub_name": "dependencies", "level": "INFO", "message": "Closing db connection"}
{"asctime": "2021-08-25 07:13:21,379", "namespace": "service_dataset", "sub_name": "dependencies", "level": "INFO", "message": "Connecting db"}
{"asctime": "2021-08-25 07:13:47,024", "namespace": "service_dataset", "sub_name": "dependencies", "level": "INFO", "message": "Closing db connection"}
{"asctime": "2021-08-25 07:14:09,920", "namespace": "service_dataset", "sub_name": "dependencies", "level": "INFO", "message": "Connecting db"}
{"asctime": "2021-08-25 07:14:21,226", "namespace": "service_dataset", "sub_name": "dependencies", "level": "INFO", "message": "Closing db connection"}
{"asctime": "2021-08-25 07:18:59,996", "namespace": "service_dataset", "sub_name": "dependencies", "level": "INFO", "message": "Connecting db"}
{"asctime": "2021-08-25 07:19:09,526", "namespace": "service_dataset", "sub_name": "dependencies", "level": "INFO", "message": "Closing db connection"}
{"asctime": "2021-08-25 07:19:32,875", "namespace": "service_dataset", "sub_name": "dependencies", "level": "INFO", "message": "Connecting db"}
{"asctime": "2021-08-25 07:19:48,563", "namespace": "service_dataset", "sub_name": "dependencies", "level": "INFO", "message": "Closing db connection"}
{"asctime": "2021-08-25 07:22:44,573", "namespace": "service_dataset", "sub_name": "dependencies", "level": "INFO", "message": "Connecting db"}
{"asctime": "2021-08-25 07:23:44,458", "namespace": "service_dataset", "sub_name": "dependencies", "level": "INFO", "message": "Closing db connection"}
{"asctime": "2021-08-25 07:24:24,988", "namespace": "service_dataset", "sub_name": "dependencies", "level": "INFO", "message": "Connecting db"}
{"asctime": "2021-08-25 07:24:26,531", "namespace": "service_dataset", "sub_name": "dependencies", "level": "INFO", "message": "Closing db connection"}
{"asctime": "2021-08-25 07:31:34,185", "namespace": "service_dataset", "sub_name": "dependencies", "level": "INFO", "message": "Connecting db"}
{"asctime": "2021-08-25 07:31:42,502", "namespace": "service_dataset", "sub_name": "dependencies", "level": "INFO", "message": "Closing db connection"}
{"asctime": "2021-08-25 07:31:48,379", "namespace": "service_dataset", "sub_name": "dependencies", "level": "INFO", "message": "Connecting db"}
{"asctime": "2021-08-25 07:32:00,418", "namespace": "service_dataset", "sub_name": "dependencies", "level": "INFO", "message": "Closing db connection"}
{"asctime": "2021-08-25 07:32:26,510", "namespace": "service_dataset", "sub_name": "dependencies", "level": "INFO", "message": "Connecting db"}
{"asctime": "2021-08-25 07:34:54,675", "namespace": "service_dataset", "sub_name": "dependencies", "level": "INFO", "message": "Closing db connection"}
{"asctime": "2021-08-25 07:40:51,182", "namespace": "service_dataset", "sub_name": "dependencies", "level": "INFO", "message": "Connecting db"}
{"asctime": "2021-08-25 07:41:00,699", "namespace": "service_dataset", "sub_name": "dependencies", "level": "INFO", "message": "Closing db connection"}
{"asctime": "2021-08-25 07:42:06,753", "namespace": "service_dataset", "sub_name": "dependencies", "level": "INFO", "message": "Connecting db"}
{"asctime": "2021-08-25 07:42:14,373", "namespace": "service_dataset", "sub_name": "dependencies", "level": "INFO", "message": "Closing db connection"}
{"asctime": "2021-08-25 07:42:47,872", "namespace": "service_dataset", "sub_name": "dependencies", "level": "INFO", "message": "Connecting db"}
{"asctime": "2021-08-25 07:42:51,188", "namespace": "service_dataset", "sub_name": "dependencies", "level": "INFO", "message": "Closing db connection"}
{"asctime": "2021-08-25 07:43:14,679", "namespace": "service_dataset", "sub_name": "dependencies", "level": "INFO", "message": "Connecting db"}
{"asctime": "2021-08-25 07:43:33,278", "namespace": "service_dataset", "sub_name": "dependencies", "level": "INFO", "message": "Closing db connection"}
{"asctime": "2021-08-25 07:44:02,134", "namespace": "service_dataset", "sub_name": "dependencies", "level": "INFO", "message": "Connecting db"}
{"asctime": "2021-08-25 07:44:04,918", "namespace": "service_dataset", "sub_name": "dependencies", "level": "INFO", "message": "Closing db connection"}
{"asctime": "2021-08-25 07:44:12,115", "namespace": "service_dataset", "sub_name": "dependencies", "level": "INFO", "message": "Connecting db"}
{"asctime": "2021-08-25 07:44:14,197", "namespace": "service_dataset", "sub_name": "dependencies", "level": "INFO", "message": "Closing db connection"}
{"asctime": "2021-08-25 07:44:20,100", "namespace": "service_dataset", "sub_name": "dependencies", "level": "INFO", "message": "Connecting db"}
{"asctime": "2021-08-25 07:44:35,742", "namespace": "service_dataset", "sub_name": "dependencies", "level": "INFO", "message": "Closing db connection"}
{"asctime": "2021-08-25 07:45:07,852", "namespace": "service_dataset", "sub_name": "dependencies", "level": "INFO", "message": "Connecting db"}
{"asctime": "2021-08-25 07:45:45,458", "namespace": "service_dataset", "sub_name": "dependencies", "level": "INFO", "message": "Closing db connection"}
{"asctime": "2021-08-25 07:45:57,686", "namespace": "service_dataset", "sub_name": "dependencies", "level": "INFO", "message": "Connecting db"}
{"asctime": "2021-08-25 07:46:24,894", "namespace": "service_dataset", "sub_name": "dependencies", "level": "INFO", "message": "Closing db connection"}
{"asctime": "2021-08-25 07:46:46,813", "namespace": "service_dataset", "sub_name": "dependencies", "level": "INFO", "message": "Connecting db"}
{"asctime": "2021-08-25 07:47:00,544", "namespace": "service_dataset", "sub_name": "dependencies", "level": "INFO", "message": "Closing db connection"}
{"asctime": "2021-08-25 07:47:23,835", "namespace": "service_dataset", "sub_name": "dependencies", "level": "INFO", "message": "Connecting db"}
{"asctime": "2021-08-25 07:47:25,314", "namespace": "service_dataset", "sub_name": "dependencies", "level": "INFO", "message": "Closing db connection"}
{"asctime": "2021-08-25 07:47:32,934", "namespace": "service_dataset", "sub_name": "dependencies", "level": "INFO", "message": "Connecting db"}
{"asctime": "2021-08-25 07:47:34,333", "namespace": "service_dataset", "sub_name": "dependencies", "level": "INFO", "message": "Closing db connection"}
{"asctime": "2021-08-25 07:47:37,397", "namespace": "service_dataset", "sub_name": "dependencies", "level": "INFO", "message": "Connecting db"}
{"asctime": "2021-08-25 07:47:45,081", "namespace": "service_dataset", "sub_name": "dependencies", "level": "INFO", "message": "Closing db connection"}
{"asctime": "2021-08-25 08:02:21,055", "namespace": "service_dataset", "sub_name": "dependencies", "level": "INFO", "message": "Connecting db"}
{"asctime": "2021-08-25 08:02:23,640", "namespace": "service_dataset", "sub_name": "dependencies", "level": "INFO", "message": "Closing db connection"}
{"asctime": "2021-08-25 08:02:34,095", "namespace": "service_dataset", "sub_name": "dependencies", "level": "INFO", "message": "Connecting db"}
{"asctime": "2021-08-25 08:02:35,756", "namespace": "service_dataset", "sub_name": "dependencies", "level": "INFO", "message": "Closing db connection"}
{"asctime": "2021-08-25 08:02:38,488", "namespace": "service_dataset", "sub_name": "dependencies", "level": "INFO", "message": "Connecting db"}
{"asctime": "2021-08-25 08:02:40,295", "namespace": "service_dataset", "sub_name": "dependencies", "level": "INFO", "message": "Closing db connection"}
{"asctime": "2021-08-25 08:02:43,519", "namespace": "service_dataset", "sub_name": "dependencies", "level": "INFO", "message": "Connecting db"}
{"asctime": "2021-08-25 08:02:52,753", "namespace": "service_dataset", "sub_name": "dependencies", "level": "INFO", "message": "Closing db connection"}
{"asctime": "2021-08-25 08:03:08,341", "namespace": "service_dataset", "sub_name": "dependencies", "level": "INFO", "message": "Connecting db"}
{"asctime": "2021-08-25 08:03:18,245", "namespace": "service_dataset", "sub_name": "dependencies", "level": "INFO", "message": "Closing db connection"}
{"asctime": "2021-08-25 08:03:37,929", "namespace": "service_dataset", "sub_name": "dependencies", "level": "INFO", "message": "Connecting db"}
{"asctime": "2021-08-25 08:03:48,654", "namespace": "service_dataset", "sub_name": "dependencies", "level": "INFO", "message": "Closing db connection"}
{"asctime": "2021-08-25 08:04:29,626", "namespace": "service_dataset", "sub_name": "dependencies", "level": "INFO", "message": "Connecting db"}
{"asctime": "2021-08-25 08:04:29,648", "namespace": "service_dataset", "sub_name": "dependencies", "level": "INFO", "message": "Closing db connection"}
{"asctime": "2021-08-25 08:04:59,080", "namespace": "service_dataset", "sub_name": "dependencies", "level": "INFO", "message": "Connecting db"}
{"asctime": "2021-08-25 08:04:59,086", "namespace": "service_dataset", "sub_name": "dependencies", "level": "INFO", "message": "Closing db connection"}
{"asctime": "2021-08-25 08:05:16,583", "namespace": "service_dataset", "sub_name": "dependencies", "level": "INFO", "message": "Connecting db"}
{"asctime": "2021-08-25 08:05:16,588", "namespace": "service_dataset", "sub_name": "dependencies", "level": "INFO", "message": "Closing db connection"}
{"asctime": "2021-08-25 08:09:41,592", "namespace": "service_dataset", "sub_name": "dependencies", "level": "INFO", "message": "Connecting db"}
{"asctime": "2021-08-25 08:09:52,351", "namespace": "service_dataset", "sub_name": "dependencies", "level": "INFO", "message": "Closing db connection"}
{"asctime": "2021-08-25 08:10:38,258", "namespace": "service_dataset", "sub_name": "dependencies", "level": "INFO", "message": "Connecting db"}
{"asctime": "2021-08-25 08:11:28,291", "namespace": "service_dataset", "sub_name": "dependencies", "level": "INFO", "message": "Closing db connection"}
{"asctime": "2021-08-25 08:13:30,078", "namespace": "service_dataset", "sub_name": "dependencies", "level": "INFO", "message": "Connecting db"}
{"asctime": "2021-08-25 08:13:33,035", "namespace": "service_dataset", "sub_name": "dependencies", "level": "INFO", "message": "Closing db connection"}
{"asctime": "2021-08-25 08:13:50,431", "namespace": "service_dataset", "sub_name": "dependencies", "level": "INFO", "message": "Connecting db"}
{"asctime": "2021-08-25 08:13:52,421", "namespace": "service_dataset", "sub_name": "dependencies", "level": "INFO", "message": "Closing db connection"}
{"asctime": "2021-08-25 11:41:03,441", "namespace": "service_dataset", "sub_name": "dependencies", "level": "INFO", "message": "Connecting db"}
{"asctime": "2021-08-25 11:41:03,443", "namespace": "service_dataset", "sub_name": "dependencies", "level": "INFO", "message": "Closing db connection"}
{"asctime": "2021-08-25 11:41:15,974", "namespace": "service_dataset", "sub_name": "dependencies", "level": "INFO", "message": "Connecting db"}
{"asctime": "2021-08-25 11:41:15,975", "namespace": "service_dataset", "sub_name": "dependencies", "level": "INFO", "message": "Closing db connection"}
{"asctime": "2021-08-25 11:44:07,053", "namespace": "service_dataset", "sub_name": "dependencies", "level": "INFO", "message": "Connecting db"}
{"asctime": "2021-08-25 11:44:07,062", "namespace": "service_dataset", "sub_name": "dependencies", "level": "INFO", "message": "Closing db connection"}
{"asctime": "2021-08-25 11:47:58,116", "namespace": "service_dataset", "sub_name": "dependencies", "level": "INFO", "message": "Connecting db"}
{"asctime": "2021-08-25 11:47:58,119", "namespace": "service_dataset", "sub_name": "dependencies", "level": "INFO", "message": "Closing db connection"}
{"asctime": "2021-08-25 11:50:32,153", "namespace": "service_dataset", "sub_name": "dependencies", "level": "INFO", "message": "Connecting db"}
{"asctime": "2021-08-25 11:50:32,213", "namespace": "service_dataset", "sub_name": "dependencies", "level": "INFO", "message": "Closing db connection"}
{"asctime": "2021-08-25 11:50:59,256", "namespace": "service_dataset", "sub_name": "dependencies", "level": "INFO", "message": "Connecting db"}
{"asctime": "2021-08-25 11:50:59,266", "namespace": "service_dataset", "sub_name": "dependencies", "level": "INFO", "message": "Closing db connection"}
{"asctime": "2021-08-25 11:51:08,704", "namespace": "service_dataset", "sub_name": "dependencies", "level": "INFO", "message": "Connecting db"}
{"asctime": "2021-08-25 11:51:08,746", "namespace": "service_dataset", "sub_name": "dependencies", "level": "INFO", "message": "Closing db connection"}
{"asctime": "2021-08-25 11:51:11,008", "namespace": "service_dataset", "sub_name": "dependencies", "level": "INFO", "message": "Connecting db"}
{"asctime": "2021-08-25 11:51:11,053", "namespace": "service_dataset", "sub_name": "dependencies", "level": "INFO", "message": "Closing db connection"}
{"asctime": "2021-08-25 11:52:06,788", "namespace": "service_dataset", "sub_name": "dependencies", "level": "INFO", "message": "Connecting db"}
{"asctime": "2021-08-25 11:52:06,830", "namespace": "service_dataset", "sub_name": "dependencies", "level": "INFO", "message": "Closing db connection"}
{"asctime": "2021-08-25 11:52:09,129", "namespace": "service_dataset", "sub_name": "dependencies", "level": "INFO", "message": "Connecting db"}
{"asctime": "2021-08-25 11:52:09,192", "namespace": "service_dataset", "sub_name": "dependencies", "level": "INFO", "message": "Closing db connection"}
{"asctime": "2021-08-25 11:56:48,634", "namespace": "service_dataset", "sub_name": "dependencies", "level": "INFO", "message": "Connecting db"}
{"asctime": "2021-08-25 11:56:48,668", "namespace": "service_dataset", "sub_name": "dependencies", "level": "INFO", "message": "Closing db connection"}
{"asctime": "2021-08-25 11:56:50,583", "namespace": "service_dataset", "sub_name": "dependencies", "level": "INFO", "message": "Connecting db"}
{"asctime": "2021-08-25 11:56:50,637", "namespace": "service_dataset", "sub_name": "dependencies", "level": "INFO", "message": "Closing db connection"}
{"asctime": "2021-08-25 11:57:51,023", "namespace": "service_dataset", "sub_name": "dependencies", "level": "INFO", "message": "Connecting db"}
{"asctime": "2021-08-25 11:57:51,059", "namespace": "service_dataset", "sub_name": "dependencies", "level": "INFO", "message": "Closing db connection"}
{"asctime": "2021-08-25 11:57:53,920", "namespace": "service_dataset", "sub_name": "dependencies", "level": "INFO", "message": "Connecting db"}
{"asctime": "2021-08-25 11:57:53,979", "namespace": "service_dataset", "sub_name": "dependencies", "level": "INFO", "message": "Closing db connection"}
{"asctime": "2021-08-25 11:59:02,819", "namespace": "service_dataset", "sub_name": "dependencies", "level": "INFO", "message": "Connecting db"}
{"asctime": "2021-08-25 11:59:02,824", "namespace": "service_dataset", "sub_name": "dependencies", "level": "INFO", "message": "Closing db connection"}
{"asctime": "2021-08-25 11:59:06,167", "namespace": "service_dataset", "sub_name": "dependencies", "level": "INFO", "message": "Connecting db"}
{"asctime": "2021-08-25 11:59:06,222", "namespace": "service_dataset", "sub_name": "dependencies", "level": "INFO", "message": "Closing db connection"}
{"asctime": "2021-08-25 11:59:07,987", "namespace": "service_dataset", "sub_name": "dependencies", "level": "INFO", "message": "Connecting db"}
{"asctime": "2021-08-25 11:59:07,989", "namespace": "service_dataset", "sub_name": "dependencies", "level": "INFO", "message": "Closing db connection"}
{"asctime": "2021-08-25 12:03:11,676", "namespace": "service_dataset", "sub_name": "dependencies", "level": "INFO", "message": "Connecting db"}
{"asctime": "2021-08-25 12:03:11,684", "namespace": "service_dataset", "sub_name": "dependencies", "level": "INFO", "message": "Closing db connection"}
{"asctime": "2021-08-25 12:03:13,568", "namespace": "service_dataset", "sub_name": "dependencies", "level": "INFO", "message": "Connecting db"}
{"asctime": "2021-08-25 12:03:13,570", "namespace": "service_dataset", "sub_name": "dependencies", "level": "INFO", "message": "Closing db connection"}
{"asctime": "2021-08-25 12:03:34,664", "namespace": "service_dataset", "sub_name": "dependencies", "level": "INFO", "message": "Connecting db"}
{"asctime": "2021-08-25 12:03:34,723", "namespace": "service_dataset", "sub_name": "dependencies", "level": "INFO", "message": "Closing db connection"}
{"asctime": "2021-08-25 12:09:41,183", "namespace": "service_dataset", "sub_name": "dependencies", "level": "INFO", "message": "Connecting db"}
{"asctime": "2021-08-25 12:09:41,231", "namespace": "service_dataset", "sub_name": "dependencies", "level": "INFO", "message": "Closing db connection"}
{"asctime": "2021-08-25 12:09:43,573", "namespace": "service_dataset", "sub_name": "dependencies", "level": "INFO", "message": "Connecting db"}
{"asctime": "2021-08-25 12:09:43,575", "namespace": "service_dataset", "sub_name": "dependencies", "level": "INFO", "message": "Closing db connection"}
{"asctime": "2021-08-25 12:12:30,360", "namespace": "service_dataset", "sub_name": "dependencies", "level": "INFO", "message": "Connecting db"}
{"asctime": "2021-08-25 12:12:30,368", "namespace": "service_dataset", "sub_name": "dependencies", "level": "INFO", "message": "Closing db connection"}
{"asctime": "2021-08-25 12:12:32,069", "namespace": "service_dataset", "sub_name": "dependencies", "level": "INFO", "message": "Connecting db"}
{"asctime": "2021-08-25 12:12:32,071", "namespace": "service_dataset", "sub_name": "dependencies", "level": "INFO", "message": "Closing db connection"}
{"asctime": "2021-08-25 12:13:09,992", "namespace": "service_dataset", "sub_name": "dependencies", "level": "INFO", "message": "Connecting db"}
{"asctime": "2021-08-25 12:13:10,043", "namespace": "service_dataset", "sub_name": "dependencies", "level": "INFO", "message": "Closing db connection"}
{"asctime": "2021-08-25 12:16:47,212", "namespace": "service_dataset", "sub_name": "dependencies", "level": "INFO", "message": "Connecting db"}
{"asctime": "2021-08-25 12:16:47,256", "namespace": "service_dataset", "sub_name": "dependencies", "level": "INFO", "message": "Closing db connection"}
{"asctime": "2021-08-25 12:16:49,256", "namespace": "service_dataset", "sub_name": "dependencies", "level": "INFO", "message": "Connecting db"}
{"asctime": "2021-08-25 12:16:49,309", "namespace": "service_dataset", "sub_name": "dependencies", "level": "INFO", "message": "Closing db connection"}
{"asctime": "2021-08-25 12:19:10,455", "namespace": "service_dataset", "sub_name": "dependencies", "level": "INFO", "message": "Connecting db"}
{"asctime": "2021-08-25 12:19:10,458", "namespace": "service_dataset", "sub_name": "dependencies", "level": "INFO", "message": "Closing db connection"}
{"asctime": "2021-08-25 12:21:48,211", "namespace": "service_dataset", "sub_name": "dependencies", "level": "INFO", "message": "Connecting db"}
{"asctime": "2021-08-25 12:21:48,220", "namespace": "service_dataset", "sub_name": "dependencies", "level": "INFO", "message": "Closing db connection"}
{"asctime": "2021-08-25 12:21:54,607", "namespace": "service_dataset", "sub_name": "dependencies", "level": "INFO", "message": "Connecting db"}
{"asctime": "2021-08-25 12:21:54,649", "namespace": "service_dataset", "sub_name": "dependencies", "level": "INFO", "message": "Closing db connection"}
{"asctime": "2021-08-25 12:21:56,835", "namespace": "service_dataset", "sub_name": "dependencies", "level": "INFO", "message": "Connecting db"}
{"asctime": "2021-08-25 12:21:56,880", "namespace": "service_dataset", "sub_name": "dependencies", "level": "INFO", "message": "Closing db connection"}
{"asctime": "2021-08-25 12:25:28,314", "namespace": "service_dataset", "sub_name": "dependencies", "level": "INFO", "message": "Connecting db"}
{"asctime": "2021-08-25 12:25:28,318", "namespace": "service_dataset", "sub_name": "dependencies", "level": "INFO", "message": "Closing db connection"}
{"asctime": "2021-08-25 12:44:35,140", "namespace": "python_eng_exercise", "sub_name": "dependencies", "level": "INFO", "message": "Connecting db"}
{"asctime": "2021-08-25 12:44:35,156", "namespace": "python_eng_exercise", "sub_name": "dependencies", "level": "INFO", "message": "Closing db connection"}
{"asctime": "2021-08-25 12:46:03,900", "namespace": "python_eng_exercise", "sub_name": "dependencies", "level": "INFO", "message": "Connecting db"}
{"asctime": "2021-08-25 12:46:03,910", "namespace": "python_eng_exercise", "sub_name": "dependencies", "level": "INFO", "message": "Closing db connection"}
{"asctime": "2021-08-25 13:11:20,097", "namespace": "python_eng_exercise", "sub_name": "dependencies", "level": "INFO", "message": "Connecting db"}
{"asctime": "2021-08-25 13:11:20,100", "namespace": "python_eng_exercise", "sub_name": "dependencies", "level": "INFO", "message": "Closing db connection"}
{"asctime": "2021-08-25 13:11:20,102", "namespace": "python_eng_exercise", "sub_name": "dependencies", "level": "INFO", "message": "Connecting db"}
{"asctime": "2021-08-25 13:11:20,125", "namespace": "python_eng_exercise", "sub_name": "dependencies", "level": "INFO", "message": "Closing db connection"}
{"asctime": "2021-08-25 13:11:20,128", "namespace": "python_eng_exercise", "sub_name": "dependencies", "level": "INFO", "message": "Connecting db"}
{"asctime": "2021-08-25 13:11:20,129", "namespace": "python_eng_exercise", "sub_name": "dependencies", "level": "INFO", "message": "Closing db connection"}
{"asctime": "2021-08-25 13:11:20,132", "namespace": "python_eng_exercise", "sub_name": "dependencies", "level": "INFO", "message": "Connecting db"}
{"asctime": "2021-08-25 13:11:20,134", "namespace": "python_eng_exercise", "sub_name": "dependencies", "level": "INFO", "message": "Closing db connection"}
{"asctime": "2021-08-25 13:11:20,136", "namespace": "python_eng_exercise", "sub_name": "dependencies", "level": "INFO", "message": "Connecting db"}
{"asctime": "2021-08-25 13:11:20,141", "namespace": "python_eng_exercise", "sub_name": "dependencies", "level": "INFO", "message": "Closing db connection"}
{"asctime": "2021-08-25 14:51:48,662", "namespace": "python_eng_exercise", "sub_name": "dependencies", "level": "INFO", "message": "Connecting db"}
{"asctime": "2021-08-25 14:51:48,672", "namespace": "python_eng_exercise", "sub_name": "dependencies", "level": "INFO", "message": "Closing db connection"}
{"asctime": "2021-08-25 14:51:50,581", "namespace": "python_eng_exercise", "sub_name": "dependencies", "level": "INFO", "message": "Connecting db"}
{"asctime": "2021-08-25 14:51:50,583", "namespace": "python_eng_exercise", "sub_name": "dependencies", "level": "INFO", "message": "Closing db connection"}
{"asctime": "2021-08-25 14:53:25,131", "namespace": "python_eng_exercise", "sub_name": "dependencies", "level": "INFO", "message": "Connecting db"}
{"asctime": "2021-08-25 14:53:33,061", "namespace": "python_eng_exercise", "sub_name": "dependencies", "level": "INFO", "message": "Closing db connection"}
{"asctime": "2021-08-25 14:55:47,563", "namespace": "python_eng_exercise", "sub_name": "dependencies", "level": "INFO", "message": "Connecting db"}
{"asctime": "2021-08-25 14:55:47,615", "namespace": "python_eng_exercise", "sub_name": "dependencies", "level": "INFO", "message": "Closing db connection"}
{"asctime": "2021-08-25 14:55:49,859", "namespace": "python_eng_exercise", "sub_name": "dependencies", "level": "INFO", "message": "Connecting db"}
{"asctime": "2021-08-25 14:55:52,435", "namespace": "python_eng_exercise", "sub_name": "dependencies", "level": "INFO", "message": "Closing db connection"}
{"asctime": "2021-08-25 14:57:45,318", "namespace": "python_eng_exercise", "sub_name": "dependencies", "level": "INFO", "message": "Connecting db"}
{"asctime": "2021-08-25 14:57:45,365", "namespace": "python_eng_exercise", "sub_name": "dependencies", "level": "INFO", "message": "Closing db connection"}
{"asctime": "2021-08-25 14:57:46,919", "namespace": "python_eng_exercise", "sub_name": "dependencies", "level": "INFO", "message": "Connecting db"}
{"asctime": "2021-08-25 14:57:50,105", "namespace": "python_eng_exercise", "sub_name": "dependencies", "level": "INFO", "message": "Closing db connection"}
{"asctime": "2021-08-25 15:00:27,175", "namespace": "python_eng_exercise", "sub_name": "dependencies", "level": "INFO", "message": "Connecting db"}
{"asctime": "2021-08-25 15:00:27,187", "namespace": "python_eng_exercise", "sub_name": "dependencies", "level": "INFO", "message": "Closing db connection"}
{"asctime": "2021-08-25 15:05:34,643", "namespace": "python_eng_exercise", "sub_name": "dependencies", "level": "INFO", "message": "Connecting db"}
{"asctime": "2021-08-25 15:05:36,706", "namespace": "python_eng_exercise", "sub_name": "dependencies", "level": "INFO", "message": "Closing db connection"}
{"asctime": "2021-08-25 15:08:54,752", "namespace": "python_eng_exercise", "sub_name": "dependencies", "level": "INFO", "message": "Connecting db"}
{"asctime": "2021-08-25 15:08:54,754", "namespace": "python_eng_exercise", "sub_name": "dependencies", "level": "INFO", "message": "Closing db connection"}
{"asctime": "2021-08-25 15:09:04,862", "namespace": "python_eng_exercise", "sub_name": "dependencies", "level": "INFO", "message": "Connecting db"}
{"asctime": "2021-08-25 15:09:04,864", "namespace": "python_eng_exercise", "sub_name": "dependencies", "level": "INFO", "message": "Closing db connection"}
{"asctime": "2021-08-25 15:09:41,688", "namespace": "python_eng_exercise", "sub_name": "dependencies", "level": "INFO", "message": "Connecting db"}
{"asctime": "2021-08-25 15:09:41,693", "namespace": "python_eng_exercise", "sub_name": "dependencies", "level": "INFO", "message": "Closing db connection"}
{"asctime": "2021-08-25 15:16:52,997", "namespace": "python_eng_exercise", "sub_name": "dependencies", "level": "INFO", "message": "Connecting db"}
{"asctime": "2021-08-25 15:16:53,009", "namespace": "python_eng_exercise", "sub_name": "dependencies", "level": "INFO", "message": "Closing db connection"}
{"asctime": "2021-08-25 15:18:09,347", "namespace": "python_eng_exercise", "sub_name": "dependencies", "level": "INFO", "message": "Connecting db"}
{"asctime": "2021-08-25 15:18:09,358", "namespace": "python_eng_exercise", "sub_name": "dependencies", "level": "INFO", "message": "Closing db connection"}
{"asctime": "2021-08-25 15:19:54,059", "namespace": "python_eng_exercise", "sub_name": "dependencies", "level": "INFO", "message": "Connecting db"}
{"asctime": "2021-08-25 15:19:54,067", "namespace": "python_eng_exercise", "sub_name": "dependencies", "level": "INFO", "message": "Closing db connection"}
{"asctime": "2021-08-25 15:20:14,652", "namespace": "python_eng_exercise", "sub_name": "dependencies", "level": "INFO", "message": "Connecting db"}
{"asctime": "2021-08-25 15:20:14,661", "namespace": "python_eng_exercise", "sub_name": "dependencies", "level": "INFO", "message": "Closing db connection"}
{"asctime": "2021-08-25 15:22:25,976", "namespace": "python_eng_exercise", "sub_name": "dependencies", "level": "INFO", "message": "Connecting db"}
{"asctime": "2021-08-25 15:22:25,985", "namespace": "python_eng_exercise", "sub_name": "dependencies", "level": "INFO", "message": "Closing db connection"}
{"asctime": "2021-08-25 15:23:39,396", "namespace": "python_eng_exercise", "sub_name": "dependencies", "level": "INFO", "message": "Connecting db"}
{"asctime": "2021-08-25 15:23:39,404", "namespace": "python_eng_exercise", "sub_name": "dependencies", "level": "INFO", "message": "Closing db connection"}
{"asctime": "2021-08-25 15:24:24,269", "namespace": "python_eng_exercise", "sub_name": "dependencies", "level": "INFO", "message": "Connecting db"}
{"asctime": "2021-08-25 15:24:24,282", "namespace": "python_eng_exercise", "sub_name": "dependencies", "level": "INFO", "message": "Closing db connection"}
{"asctime": "2021-08-25 15:24:36,535", "namespace": "python_eng_exercise", "sub_name": "dependencies", "level": "INFO", "message": "Connecting db"}
{"asctime": "2021-08-25 15:24:36,544", "namespace": "python_eng_exercise", "sub_name": "dependencies", "level": "INFO", "message": "Closing db connection"}
{"asctime": "2021-08-25 15:25:08,466", "namespace": "python_eng_exercise", "sub_name": "dependencies", "level": "INFO", "message": "Connecting db"}
{"asctime": "2021-08-25 15:25:08,475", "namespace": "python_eng_exercise", "sub_name": "dependencies", "level": "INFO", "message": "Closing db connection"}
{"asctime": "2021-08-25 15:25:09,331", "namespace": "python_eng_exercise", "sub_name": "dependencies", "level": "INFO", "message": "Connecting db"}
{"asctime": "2021-08-25 15:25:09,334", "namespace": "python_eng_exercise", "sub_name": "dependencies", "level": "INFO", "message": "Closing db connection"}
{"asctime": "2021-08-25 15:25:28,060", "namespace": "python_eng_exercise", "sub_name": "dependencies", "level": "INFO", "message": "Connecting db"}
{"asctime": "2021-08-25 15:25:28,068", "namespace": "python_eng_exercise", "sub_name": "dependencies", "level": "INFO", "message": "Closing db connection"}
{"asctime": "2021-08-25 15:25:42,843", "namespace": "python_eng_exercise", "sub_name": "dependencies", "level": "INFO", "message": "Connecting db"}
{"asctime": "2021-08-25 15:26:04,319", "namespace": "python_eng_exercise", "sub_name": "dependencies", "level": "INFO", "message": "Closing db connection"}
{"asctime": "2021-08-25 15:26:17,540", "namespace": "python_eng_exercise", "sub_name": "dependencies", "level": "INFO", "message": "Connecting db"}
{"asctime": "2021-08-25 15:26:19,704", "namespace": "python_eng_exercise", "sub_name": "dependencies", "level": "INFO", "message": "Closing db connection"}
{"asctime": "2021-08-25 15:27:22,425", "namespace": "python_eng_exercise", "sub_name": "dependencies", "level": "INFO", "message": "Connecting db"}
{"asctime": "2021-08-25 15:27:24,397", "namespace": "python_eng_exercise", "sub_name": "dependencies", "level": "INFO", "message": "Closing db connection"}
{"asctime": "2021-08-25 15:32:22,003", "namespace": "python_eng_exercise", "sub_name": "dependencies", "level": "INFO", "message": "Connecting db"}
{"asctime": "2021-08-25 15:32:23,582", "namespace": "python_eng_exercise", "sub_name": "dependencies", "level": "INFO", "message": "Closing db connection"}
{"asctime": "2021-08-25 15:32:56,102", "namespace": "python_eng_exercise", "sub_name": "dependencies", "level": "INFO", "message": "Connecting db"}
{"asctime": "2021-08-25 15:32:58,635", "namespace": "python_eng_exercise", "sub_name": "dependencies", "level": "INFO", "message": "Closing db connection"}
{"asctime": "2021-08-25 15:37:49,408", "namespace": "python_eng_exercise", "sub_name": "dependencies", "level": "INFO", "message": "Connecting db"}
{"asctime": "2021-08-25 15:37:52,843", "namespace": "python_eng_exercise", "sub_name": "dependencies", "level": "INFO", "message": "Closing db connection"}
{"asctime": "2021-08-25 15:38:18,843", "namespace": "python_eng_exercise", "sub_name": "dependencies", "level": "INFO", "message": "Connecting db"}
{"asctime": "2021-08-25 15:38:20,624", "namespace": "python_eng_exercise", "sub_name": "dependencies", "level": "INFO", "message": "Closing db connection"}
{"asctime": "2021-08-25 15:39:51,550", "namespace": "python_eng_exercise", "sub_name": "dependencies", "level": "INFO", "message": "Connecting db"}
{"asctime": "2021-08-25 15:39:51,559", "namespace": "python_eng_exercise", "sub_name": "dependencies", "level": "INFO", "message": "Closing db connection"}
{"asctime": "2021-08-25 15:41:13,621", "namespace": "python_eng_exercise", "sub_name": "dependencies", "level": "INFO", "message": "Connecting db"}
{"asctime": "2021-08-25 15:41:13,630", "namespace": "python_eng_exercise", "sub_name": "dependencies", "level": "INFO", "message": "Closing db connection"}
{"asctime": "2021-08-25 15:41:43,925", "namespace": "python_eng_exercise", "sub_name": "dependencies", "level": "INFO", "message": "Connecting db"}
{"asctime": "2021-08-25 15:41:43,942", "namespace": "python_eng_exercise", "sub_name": "dependencies", "level": "INFO", "message": "Closing db connection"}
{"asctime": "2021-08-25 15:41:51,819", "namespace": "python_eng_exercise", "sub_name": "dependencies", "level": "INFO", "message": "Connecting db"}
{"asctime": "2021-08-25 15:41:53,465", "namespace": "python_eng_exercise", "sub_name": "dependencies", "level": "INFO", "message": "Closing db connection"}
{"asctime": "2021-08-25 15:42:36,390", "namespace": "python_eng_exercise", "sub_name": "dependencies", "level": "INFO", "message": "Connecting db"}
{"asctime": "2021-08-25 15:42:36,418", "namespace": "python_eng_exercise", "sub_name": "dependencies", "level": "INFO", "message": "Closing db connection"}
{"asctime": "2021-08-25 15:42:54,963", "namespace": "python_eng_exercise", "sub_name": "dependencies", "level": "INFO", "message": "Connecting db"}
{"asctime": "2021-08-25 15:42:54,968", "namespace": "python_eng_exercise", "sub_name": "dependencies", "level": "INFO", "message": "Closing db connection"}
{"asctime": "2021-08-25 15:43:16,086", "namespace": "python_eng_exercise", "sub_name": "dependencies", "level": "INFO", "message": "Connecting db"}
{"asctime": "2021-08-25 15:43:16,090", "namespace": "python_eng_exercise", "sub_name": "dependencies", "level": "INFO", "message": "Closing db connection"}
{"asctime": "2021-08-25 15:43:42,126", "namespace": "python_eng_exercise", "sub_name": "dependencies", "level": "INFO", "message": "Connecting db"}
{"asctime": "2021-08-25 15:44:09,769", "namespace": "python_eng_exercise", "sub_name": "dependencies", "level": "INFO", "message": "Closing db connection"}
{"asctime": "2021-08-25 15:45:18,199", "namespace": "python_eng_exercise", "sub_name": "dependencies", "level": "INFO", "message": "Connecting db"}
{"asctime": "2021-08-25 15:45:20,543", "namespace": "python_eng_exercise", "sub_name": "dependencies", "level": "INFO", "message": "Closing db connection"}
{"asctime": "2021-08-25 15:47:05,979", "namespace": "python_eng_exercise", "sub_name": "dependencies", "level": "INFO", "message": "Connecting db"}
{"asctime": "2021-08-25 15:47:07,602", "namespace": "python_eng_exercise", "sub_name": "dependencies", "level": "INFO", "message": "Closing db connection"}
{"asctime": "2021-08-25 15:47:24,810", "namespace": "python_eng_exercise", "sub_name": "dependencies", "level": "INFO", "message": "Connecting db"}
{"asctime": "2021-08-25 15:47:24,829", "namespace": "python_eng_exercise", "sub_name": "dependencies", "level": "INFO", "message": "Closing db connection"}
{"asctime": "2021-08-25 15:47:31,412", "namespace": "python_eng_exercise", "sub_name": "dependencies", "level": "INFO", "message": "Connecting db"}
{"asctime": "2021-08-25 15:47:35,853", "namespace": "python_eng_exercise", "sub_name": "dependencies", "level": "INFO", "message": "Closing db connection"}
{"asctime": "2021-08-25 15:47:49,637", "namespace": "python_eng_exercise", "sub_name": "dependencies", "level": "INFO", "message": "Connecting db"}
{"asctime": "2021-08-25 15:47:54,879", "namespace": "python_eng_exercise", "sub_name": "dependencies", "level": "INFO", "message": "Closing db connection"}
{"asctime": "2021-08-25 15:48:22,303", "namespace": "python_eng_exercise", "sub_name": "dependencies", "level": "INFO", "message": "Connecting db"}
{"asctime": "2021-08-25 15:48:23,658", "namespace": "python_eng_exercise", "sub_name": "dependencies", "level": "INFO", "message": "Closing db connection"}
{"asctime": "2021-08-25 15:48:59,551", "namespace": "python_eng_exercise", "sub_name": "dependencies", "level": "INFO", "message": "Connecting db"}
{"asctime": "2021-08-25 15:49:27,079", "namespace": "python_eng_exercise", "sub_name": "dependencies", "level": "INFO", "message": "Closing db connection"}
{"asctime": "2021-08-25 15:50:59,609", "namespace": "python_eng_exercise", "sub_name": "dependencies", "level": "INFO", "message": "Connecting db"}
{"asctime": "2021-08-25 15:51:16,569", "namespace": "python_eng_exercise", "sub_name": "dependencies", "level": "INFO", "message": "Closing db connection"}
{"asctime": "2021-08-25 15:53:06,695", "namespace": "python_eng_exercise", "sub_name": "dependencies", "level": "INFO", "message": "Connecting db"}
{"asctime": "2021-08-25 15:53:42,150", "namespace": "python_eng_exercise", "sub_name": "dependencies", "level": "INFO", "message": "Closing db connection"}
{"asctime": "2021-08-25 15:53:58,953", "namespace": "python_eng_exercise", "sub_name": "dependencies", "level": "INFO", "message": "Connecting db"}
{"asctime": "2021-08-25 15:54:00,851", "namespace": "python_eng_exercise", "sub_name": "dependencies", "level": "INFO", "message": "Closing db connection"}
